[debug] [2020-09-27T16:48:54.297Z] ----------------------------------------------------------------------
[debug] [2020-09-27T16:48:54.300Z] Command:       C:\Program Files\nodejs\node.exe C:\Users\sammy\AppData\Local\Yarn\Data\global\node_modules\firebase-tools\lib\bin\firebase.js serve
[debug] [2020-09-27T16:48:54.300Z] CLI Version:   8.11.2
[debug] [2020-09-27T16:48:54.300Z] Platform:      win32
[debug] [2020-09-27T16:48:54.301Z] Node Version:  v12.16.1
[debug] [2020-09-27T16:48:54.302Z] Time:          Sun Sep 27 2020 17:48:54 GMT+0100 (West Africa Standard Time)
[debug] [2020-09-27T16:48:54.302Z] ----------------------------------------------------------------------
[debug] [2020-09-27T16:48:54.303Z] 
[debug] [2020-09-27T16:48:54.314Z] > command requires scopes: ["email","openid","https://www.googleapis.com/auth/cloudplatformprojects.readonly","https://www.googleapis.com/auth/firebase","https://www.googleapis.com/auth/cloud-platform"]
[debug] [2020-09-27T16:48:54.315Z] > authorizing via signed-in user
[debug] [2020-09-27T16:48:54.316Z] [iam] checking project sage-health-fa5c5 for permissions ["firebase.projects.get"]
[debug] [2020-09-27T16:48:54.323Z] >>> HTTP REQUEST POST https://cloudresourcemanager.googleapis.com/v1/projects/sage-health-fa5c5:testIamPermissions  
 {"permissions":["firebase.projects.get"]}
[debug] [2020-09-27T16:48:55.928Z] <<< HTTP RESPONSE 200 {"content-type":"application/json; charset=UTF-8","vary":"X-Origin, Referer, Origin,Accept-Encoding","date":"Sun, 27 Sep 2020 16:48:55 GMT","server":"ESF","cache-control":"private","x-xss-protection":"0","x-frame-options":"SAMEORIGIN","x-content-type-options":"nosniff","server-timing":"gfet4t7; dur=1174","alt-svc":"h3-Q050=\":443\"; ma=2592000,h3-29=\":443\"; ma=2592000,h3-27=\":443\"; ma=2592000,h3-T051=\":443\"; ma=2592000,h3-T050=\":443\"; ma=2592000,h3-Q046=\":443\"; ma=2592000,h3-Q043=\":443\"; ma=2592000,quic=\":443\"; ma=2592000; v=\"46,43\"","accept-ranges":"none","transfer-encoding":"chunked"}
[debug] [2020-09-27T16:48:55.935Z] >>> HTTP REQUEST GET https://firebase.googleapis.com/v1beta1/projects/sage-health-fa5c5  
 
[debug] [2020-09-27T16:48:56.360Z] <<< HTTP RESPONSE 200 {"content-type":"application/json; charset=UTF-8","vary":"X-Origin, Referer, Origin,Accept-Encoding","date":"Sun, 27 Sep 2020 16:48:56 GMT","server":"ESF","cache-control":"private","x-xss-protection":"0","x-frame-options":"SAMEORIGIN","x-content-type-options":"nosniff","alt-svc":"h3-Q050=\":443\"; ma=2592000,h3-29=\":443\"; ma=2592000,h3-27=\":443\"; ma=2592000,h3-T051=\":443\"; ma=2592000,h3-T050=\":443\"; ma=2592000,h3-Q046=\":443\"; ma=2592000,h3-Q043=\":443\"; ma=2592000,quic=\":443\"; ma=2592000; v=\"46,43\"","accept-ranges":"none","transfer-encoding":"chunked"}
[info] 
[info] === Serving from 'C:\Users\sammy\Desktop\sage-health'...
[info] 
[debug] [2020-09-27T16:48:56.370Z] >>> HTTP REQUEST GET https://firebase.googleapis.com/v1beta1/projects/sage-health-fa5c5/webApps/-/config  
 
[debug] [2020-09-27T16:48:57.268Z] <<< HTTP RESPONSE 200 {"content-type":"application/json; charset=UTF-8","vary":"X-Origin, Referer, Origin,Accept-Encoding","date":"Sun, 27 Sep 2020 16:48:57 GMT","server":"ESF","cache-control":"private","x-xss-protection":"0","x-frame-options":"SAMEORIGIN","x-content-type-options":"nosniff","alt-svc":"h3-Q050=\":443\"; ma=2592000,h3-29=\":443\"; ma=2592000,h3-27=\":443\"; ma=2592000,h3-T051=\":443\"; ma=2592000,h3-T050=\":443\"; ma=2592000,h3-Q046=\":443\"; ma=2592000,h3-Q043=\":443\"; ma=2592000,quic=\":443\"; ma=2592000; v=\"46,43\"","accept-ranges":"none","transfer-encoding":"chunked"}
[info] i  hosting: Serving hosting files from: build {"metadata":{"emulator":{"name":"hosting"},"message":"Serving hosting files from: \u001b[1mbuild\u001b[22m"}}
[info] +  hosting: Local server: http://localhost:5000 {"metadata":{"emulator":{"name":"hosting"},"message":"Local server: \u001b[4m\u001b[1mhttp://localhost:5000\u001b[22m\u001b[24m"}}
